2022-08-06 17:03:48,714 [main] INFO  marytts.main Mary starting up...
2022-08-06 17:03:48,717 [main] INFO  marytts.main Specification version 5.2
2022-08-06 17:03:48,717 [main] INFO  marytts.main Implementation version unknown
2022-08-06 17:03:48,717 [main] INFO  marytts.main Running on a Java 16.0.2 implementation by Private Build, on a Linux platform (amd64, 5.15.0-43-generic)
2022-08-06 17:03:48,770 [main] INFO  marytts.ModuleRegistry Now initiating mary module 'marytts.modules.Synthesis'
2022-08-06 17:03:48,772 [main] INFO  marytts.ModuleRegistry Now initiating mary module 'marytts.modules.TextToMaryXML'
2022-08-06 17:03:48,773 [main] INFO  marytts.ModuleRegistry Now initiating mary module 'marytts.modules.SableParser'
2022-08-06 17:03:48,773 [main] INFO  marytts.ModuleRegistry Now initiating mary module 'marytts.modules.SSMLParser'
2022-08-06 17:03:48,773 [main] INFO  marytts.ModuleRegistry Now initiating mary module 'marytts.modules.APMLParser'
2022-08-06 17:03:48,774 [main] INFO  marytts.ModuleRegistry Now initiating mary module 'marytts.modules.EmotionmlParser'
2022-08-06 17:03:48,774 [main] INFO  marytts.ModuleRegistry Now initiating mary module 'marytts.modules.JTokeniser'
2022-08-06 17:03:48,774 [main] INFO  marytts.ModuleRegistry Now initiating mary module 'marytts.modules.DummyTokens2Words'
2022-08-06 17:03:48,775 [main] INFO  marytts.ModuleRegistry Now initiating mary module 'marytts.modules.ProsodyGeneric'
2022-08-06 17:03:48,776 [main] INFO  marytts.ModuleRegistry Now initiating mary module 'marytts.modules.PronunciationModel'
2022-08-06 17:03:48,777 [main] INFO  marytts.ModuleRegistry Now initiating mary module 'marytts.modules.TargetFeatureLister'
2022-08-06 17:03:48,777 [main] INFO  marytts.ModuleRegistry Now initiating mary module 'marytts.modules.HalfPhoneTargetFeatureLister'
2022-08-06 17:03:48,778 [main] INFO  marytts.ModuleRegistry Now initiating mary module 'marytts.modules.AcousticModeller'
2022-08-06 17:03:48,778 [main] INFO  marytts.ModuleRegistry Now initiating mary module 'marytts.modules.RealisedAcoustparamsExtractor'
2022-08-06 17:03:48,778 [main] INFO  marytts.ModuleRegistry Now initiating mary module 'marytts.modules.RealisedDurationsExtractor'
2022-08-06 17:03:48,779 [main] INFO  marytts.ModuleRegistry Now initiating mary module 'marytts.modules.HTSEngine'
2022-08-06 17:03:48,779 [main] INFO  marytts.ModuleRegistry Now initiating mary module 'marytts.modules.PraatTextGridGenerator'
2022-08-06 17:03:48,780 [main] INFO  marytts.ModuleRegistry Now initiating mary module 'marytts.language.en.JTokeniser'
2022-08-06 17:03:48,780 [main] INFO  marytts.ModuleRegistry Now initiating mary module 'marytts.language.en.Preprocess'
2022-08-06 17:03:48,893 [main] INFO  marytts.ModuleRegistry Now initiating mary module 'marytts.modules.JPhonemiser(en_US.)'
2022-08-06 17:03:48,893 [main] INFO  marytts.JPhonemiser User dictionary './user-dictionaries/userdict-en_US.txt' for locale 'en_US' does not exist. Ignoring.
2022-08-06 17:03:48,932 [main] INFO  marytts.ModuleRegistry Now initiating mary module 'marytts.modules.JPhonemiser(en_GB.)'
2022-08-06 17:03:48,932 [main] INFO  marytts.JPhonemiser User dictionary './user-dictionaries/userdict-en_GB.txt' for locale 'en_GB' does not exist. Ignoring.
2022-08-06 17:03:48,959 [main] INFO  marytts.ModuleRegistry Now initiating mary module 'marytts.language.en.Prosody'
2022-08-06 17:03:48,960 [main] INFO  marytts.ModuleRegistry Now initiating mary module 'marytts.modules.SimplePhoneme2AP(en_US)'
2022-08-06 17:03:48,960 [main] INFO  marytts.ModuleRegistry Now initiating mary module 'marytts.language.en.PronunciationModel'
2022-08-06 17:03:48,961 [main] INFO  marytts.ModuleRegistry Now initiating mary module 'marytts.modules.OpenNLPPosTagger(en,en.pos)'
2022-08-06 17:03:48,964 [main] INFO  marytts.UnitSelectionSynthesizer started.
2022-08-06 17:03:48,965 [main] INFO  marytts.TargetFeatureLister Module started (ACOUSTPARAMS->TARGETFEATURES, locale null).
2022-08-06 17:03:48,965 [main] INFO  marytts.HTSEngine Module started (TARGETFEATURES->AUDIO, locale null).
2022-08-06 17:03:48,980 [main] INFO  marytts.HMMData Loading Tree Set in CARTs:
2022-08-06 17:03:49,025 [main] INFO  marytts.HMMData Loading GV Model Set:
2022-08-06 17:03:49,142 [main] INFO  marytts.Voice Registering voice `cmu-rms-hsmm': male, locale en_US
2022-08-06 17:03:49,142 [main] INFO  marytts.Voice New default voice for locale en_US: cmu-rms-hsmm (desire 0)
2022-08-06 17:03:49,146 [main] INFO  marytts.HMMData Loading Tree Set in CARTs:
2022-08-06 17:03:49,171 [main] INFO  marytts.HMMData Loading GV Model Set:
2022-08-06 17:03:49,246 [main] INFO  marytts.Voice Registering voice `cmu-slt-hsmm': female, locale en_US
2022-08-06 17:03:49,250 [main] INFO  marytts.HMMData Loading Tree Set in CARTs:
2022-08-06 17:03:49,270 [main] INFO  marytts.HMMData Loading GV Model Set:
2022-08-06 17:03:49,334 [main] INFO  marytts.Voice Registering voice `dfki-poppy-hsmm': female, locale en_GB
2022-08-06 17:03:49,334 [main] INFO  marytts.Voice New default voice for locale en_GB: dfki-poppy-hsmm (desire 0)
2022-08-06 17:03:49,335 [main] INFO  marytts.HMMSynthesizer started.
2022-08-06 17:03:49,335 [main] INFO  marytts.Synthesis Module started (ACOUSTPARAMS->AUDIO, locale null).
2022-08-06 17:03:49,335 [main] INFO  marytts.HMMSynthesizer Starting power-on self test.
2022-08-06 17:03:49,336 [main] INFO  marytts.HMMSynthesizer Power-on self test complete.
2022-08-06 17:03:49,337 [main] INFO  marytts.TextToMaryXML Module started (TEXT->RAWMARYXML, locale null).
2022-08-06 17:03:49,337 [main] INFO  marytts.TextToMaryXML Starting power-on self test.
2022-08-06 17:03:49,338 [main] WARN  marytts.TextToMaryXML Locale is null, overriding with de_DE
2022-08-06 17:03:49,338 [main] WARN  marytts.TextToMaryXML Locale is null, overriding with de_DE
2022-08-06 17:03:49,338 [main] INFO  marytts.TextToMaryXML Power-on self test complete.
2022-08-06 17:03:49,519 [main] INFO  marytts.SableParser Module started (SABLE->RAWMARYXML, locale null).
2022-08-06 17:03:49,519 [main] INFO  marytts.SableParser Starting power-on self test.
2022-08-06 17:03:49,519 [main] INFO  marytts.SableParser Power-on self test complete.
2022-08-06 17:03:49,588 [main] INFO  marytts.SSMLParser Module started (SSML->RAWMARYXML, locale null).
2022-08-06 17:03:49,588 [main] INFO  marytts.SSMLParser Starting power-on self test.
2022-08-06 17:03:49,588 [main] INFO  marytts.SSMLParser Power-on self test complete.
2022-08-06 17:03:49,629 [main] INFO  marytts.APMLParser Module started (APML->RAWMARYXML, locale null).
2022-08-06 17:03:49,629 [main] INFO  marytts.APMLParser Starting power-on self test.
2022-08-06 17:03:49,629 [main] INFO  marytts.APMLParser Power-on self test complete.
2022-08-06 17:03:49,655 [main] INFO  marytts.EmotionmlParser Module started (EMOTIONML->RAWMARYXML, locale null).
2022-08-06 17:03:49,655 [main] INFO  marytts.EmotionmlParser Starting power-on self test.
2022-08-06 17:03:49,656 [main] INFO  marytts.EmotionmlParser Power-on self test complete.
2022-08-06 17:03:49,656 [main] INFO  marytts.JTokeniser Module started (RAWMARYXML->TOKENS, locale null).
2022-08-06 17:03:49,681 [main] INFO  marytts.JTokeniser Starting power-on self test.
2022-08-06 17:03:49,682 [main] INFO  marytts.JTokeniser Power-on self test complete.
2022-08-06 17:03:49,682 [main] INFO  marytts.DummyTokens2Words Module started (TOKENS->WORDS, locale null).
2022-08-06 17:03:49,682 [main] INFO  marytts.DummyTokens2Words Starting power-on self test.
2022-08-06 17:03:49,682 [main] INFO  marytts.DummyTokens2Words Power-on self test complete.
2022-08-06 17:03:49,688 [main] INFO  marytts.Prosody Module started (PHONEMES->INTONATION, locale null).
2022-08-06 17:03:49,688 [main] INFO  marytts.Prosody Starting power-on self test.
2022-08-06 17:03:49,688 [main] INFO  marytts.Prosody Power-on self test complete.
2022-08-06 17:03:49,688 [main] INFO  marytts.PronunciationModel Module started (INTONATION->ALLOPHONES, locale null).
2022-08-06 17:03:49,688 [main] INFO  marytts.PronunciationModel Starting power-on self test.
2022-08-06 17:03:49,688 [main] INFO  marytts.PronunciationModel Power-on self test complete.
2022-08-06 17:03:49,688 [main] INFO  marytts.TargetFeatureLister Starting power-on self test.
2022-08-06 17:03:49,688 [main] INFO  marytts.TargetFeatureLister Power-on self test complete.
2022-08-06 17:03:49,688 [main] INFO  marytts.TargetFeatureLister Module started (ACOUSTPARAMS->HALFPHONE_TARGETFEATURES, locale null).
2022-08-06 17:03:49,688 [main] INFO  marytts.TargetFeatureLister Starting power-on self test.
2022-08-06 17:03:49,689 [main] INFO  marytts.TargetFeatureLister Power-on self test complete.
2022-08-06 17:03:49,689 [main] INFO  marytts.AcousticModeller Module started (ALLOPHONES->ACOUSTPARAMS, locale null).
2022-08-06 17:03:49,689 [main] INFO  marytts.AcousticModeller Starting power-on self test.
2022-08-06 17:03:49,689 [main] INFO  marytts.AcousticModeller Power-on self test complete.
2022-08-06 17:03:49,689 [main] INFO  marytts.Realised acoustparams extractor Module started (AUDIO->REALISED_ACOUSTPARAMS, locale null).
2022-08-06 17:03:49,689 [main] INFO  marytts.Realised acoustparams extractor Starting power-on self test.
2022-08-06 17:03:49,689 [main] INFO  marytts.Realised acoustparams extractor Power-on self test complete.
2022-08-06 17:03:49,689 [main] INFO  marytts.Realised durations extractor Module started (AUDIO->REALISED_DURATIONS, locale null).
2022-08-06 17:03:49,689 [main] INFO  marytts.Realised durations extractor Starting power-on self test.
2022-08-06 17:03:49,689 [main] INFO  marytts.Realised durations extractor Power-on self test complete.
2022-08-06 17:03:49,689 [main] INFO  marytts.Praat TextGrid generator Module started (REALISED_ACOUSTPARAMS->PRAAT_TEXTGRID, locale null).
2022-08-06 17:03:49,689 [main] INFO  marytts.Praat TextGrid generator Starting power-on self test.
2022-08-06 17:03:49,689 [main] INFO  marytts.Praat TextGrid generator Power-on self test complete.
2022-08-06 17:03:49,689 [main] INFO  marytts.JTokeniser Module started (RAWMARYXML->TOKENS, locale en).
2022-08-06 17:03:49,709 [main] INFO  marytts.JTokeniser Starting power-on self test.
2022-08-06 17:03:49,710 [main] INFO  marytts.JTokeniser Power-on self test complete.
2022-08-06 17:03:49,710 [main] INFO  marytts.Preprocess Module started (TOKENS->WORDS, locale en).
2022-08-06 17:03:49,710 [main] INFO  marytts.Preprocess Starting power-on self test.
2022-08-06 17:03:49,710 [main] INFO  marytts.Preprocess Power-on self test complete.
2022-08-06 17:03:49,710 [main] INFO  marytts.JPhonemiser Module started (PARTSOFSPEECH->PHONEMES, locale en_US).
2022-08-06 17:03:49,711 [main] INFO  marytts.JPhonemiser Starting power-on self test.
2022-08-06 17:03:49,711 [main] INFO  marytts.JPhonemiser Power-on self test complete.
2022-08-06 17:03:49,711 [main] INFO  marytts.JPhonemiser Module started (PARTSOFSPEECH->PHONEMES, locale en_GB).
2022-08-06 17:03:49,712 [main] INFO  marytts.JPhonemiser Starting power-on self test.
2022-08-06 17:03:49,712 [main] INFO  marytts.JPhonemiser Power-on self test complete.
2022-08-06 17:03:49,717 [main] INFO  marytts.Prosody Module started (PHONEMES->INTONATION, locale en).
2022-08-06 17:03:49,717 [main] INFO  marytts.Prosody Starting power-on self test.
2022-08-06 17:03:49,718 [main] INFO  marytts.Prosody Power-on self test complete.
2022-08-06 17:03:49,719 [main] INFO  marytts.SimplePhoneme2AP Module started (SIMPLEPHONEMES->ACOUSTPARAMS, locale en_US).
2022-08-06 17:03:49,719 [main] INFO  marytts.SimplePhoneme2AP Starting power-on self test.
2022-08-06 17:03:49,720 [main] INFO  marytts.SimplePhoneme2AP Power-on self test complete.
2022-08-06 17:03:49,720 [main] INFO  marytts.PronunciationModel Module started (INTONATION->ALLOPHONES, locale en).
2022-08-06 17:03:49,720 [main] INFO  marytts.PronunciationModel Starting power-on self test.
2022-08-06 17:03:49,721 [main] INFO  marytts.PronunciationModel Power-on self test complete.
2022-08-06 17:03:49,721 [main] INFO  marytts.OpenNLPPosTagger Module started (WORDS->PARTSOFSPEECH, locale en).
2022-08-06 17:03:50,182 [main] INFO  marytts.OpenNLPPosTagger Starting power-on self test.
2022-08-06 17:03:50,183 [main] INFO  marytts.OpenNLPPosTagger Power-on self test complete.
2022-08-06 17:03:50,183 [main] INFO  marytts.main Startup complete.
2022-08-06 17:03:50,186 [main] INFO  marytts.R 1 New request (input type "TEXT", output type "AUDIO", voice "cmu-rms-hsmm", audio "WAVE")
2022-08-06 17:03:50,187 [main] INFO  marytts.R 1 Handling request using the following modules:
2022-08-06 17:03:50,187 [main] INFO  marytts.R 1 - TextToMaryXML (marytts.modules.TextToMaryXML)
2022-08-06 17:03:50,187 [main] INFO  marytts.R 1 Next module: TextToMaryXML
2022-08-06 17:03:50,188 [main] INFO  marytts.R 1 Handling request using the following modules:
2022-08-06 17:03:50,188 [main] INFO  marytts.R 1 - JTokeniser (marytts.language.en.JTokeniser)
2022-08-06 17:03:50,188 [main] INFO  marytts.R 1 - Preprocess (marytts.language.en.Preprocess)
2022-08-06 17:03:50,188 [main] INFO  marytts.R 1 - OpenNLPPosTagger (marytts.modules.OpenNLPPosTagger)
2022-08-06 17:03:50,188 [main] INFO  marytts.R 1 - JPhonemiser (marytts.modules.JPhonemiser)
2022-08-06 17:03:50,188 [main] INFO  marytts.R 1 - Prosody (marytts.language.en.Prosody)
2022-08-06 17:03:50,188 [main] INFO  marytts.R 1 - PronunciationModel (marytts.language.en.PronunciationModel)
2022-08-06 17:03:50,188 [main] INFO  marytts.R 1 - AcousticModeller (marytts.modules.AcousticModeller)
2022-08-06 17:03:50,188 [main] INFO  marytts.R 1 - Synthesis (marytts.modules.Synthesis)
2022-08-06 17:03:50,188 [main] INFO  marytts.R 1 Next module: JTokeniser
2022-08-06 17:03:50,190 [main] INFO  marytts.R 1 Next module: Preprocess
2022-08-06 17:03:50,216 [main] INFO  marytts.R 1 Next module: OpenNLPPosTagger
2022-08-06 17:03:50,218 [main] INFO  marytts.R 1 Next module: JPhonemiser
2022-08-06 17:03:50,219 [main] INFO  marytts.R 1 Next module: Prosody
2022-08-06 17:03:50,220 [main] INFO  marytts.R 1 Next module: PronunciationModel
2022-08-06 17:03:50,221 [main] INFO  marytts.R 1 Next module: AcousticModeller
2022-08-06 17:03:50,230 [main] INFO  marytts.ParameterGeneration Parameter generation for LF0: 
2022-08-06 17:03:50,230 [main] INFO  marytts.PStream Global variance optimization
2022-08-06 17:03:50,231 [main] INFO  marytts.PStream Gradient GV optimization for feature: (0)  number of iterations=6
2022-08-06 17:03:50,232 [main] INFO  marytts.R 1 Next module: Synthesis
2022-08-06 17:03:50,246 [main] INFO  marytts.HMMSynthesizer Synthesizing one sentence.
2022-08-06 17:03:50,247 [main] INFO  marytts.HTSEngine Using prosody from acoustparams.
2022-08-06 17:03:50,248 [main] INFO  marytts.HTSEngine Number of models in sentence numModel=5  Total number of states numState=25
2022-08-06 17:03:50,248 [main] INFO  marytts.HTSEngine Total number of frames=188  Number of voiced frames=19
2022-08-06 17:03:50,250 [main] INFO  marytts.ParameterGeneration Parameter generation for MGC: 
2022-08-06 17:03:50,250 [main] INFO  marytts.PStream Global variance optimization
2022-08-06 17:03:50,263 [main] INFO  marytts.PStream Gradient GV optimization for feature: (0)  number of iterations=61
2022-08-06 17:03:50,265 [main] INFO  marytts.PStream Gradient GV optimization for feature: (1)  number of iterations=1
2022-08-06 17:03:50,271 [main] INFO  marytts.PStream Gradient GV optimization for feature: (2)  number of iterations=41
2022-08-06 17:03:50,273 [main] INFO  marytts.PStream Gradient GV optimization for feature: (3)  number of iterations=26
2022-08-06 17:03:50,275 [main] INFO  marytts.PStream Gradient GV optimization for feature: (4)  number of iterations=20
2022-08-06 17:03:50,278 [main] INFO  marytts.PStream Gradient GV optimization for feature: (5)  number of iterations=75
2022-08-06 17:03:50,279 [main] INFO  marytts.PStream Gradient GV optimization for feature: (6)  number of iterations=23
2022-08-06 17:03:50,280 [main] INFO  marytts.PStream Gradient GV optimization for feature: (7)  number of iterations=4
2022-08-06 17:03:50,281 [main] INFO  marytts.PStream Gradient GV optimization for feature: (8)  number of iterations=12
2022-08-06 17:03:50,283 [main] INFO  marytts.PStream Gradient GV optimization for feature: (9)  number of iterations=46
2022-08-06 17:03:50,284 [main] INFO  marytts.PStream Gradient GV optimization for feature: (10)  number of iterations=57
2022-08-06 17:03:50,285 [main] INFO  marytts.PStream Gradient GV optimization for feature: (11)  number of iterations=21
2022-08-06 17:03:50,285 [main] INFO  marytts.PStream Gradient GV optimization for feature: (12)  number of iterations=3
2022-08-06 17:03:50,286 [main] INFO  marytts.PStream Gradient GV optimization for feature: (13)  number of iterations=28
2022-08-06 17:03:50,287 [main] INFO  marytts.PStream Gradient GV optimization for feature: (14)  number of iterations=4
2022-08-06 17:03:50,287 [main] INFO  marytts.PStream Gradient GV optimization for feature: (15)  number of iterations=10
2022-08-06 17:03:50,288 [main] INFO  marytts.PStream Gradient GV optimization for feature: (16)  number of iterations=4
2022-08-06 17:03:50,288 [main] INFO  marytts.PStream Gradient GV optimization for feature: (17)  number of iterations=9
2022-08-06 17:03:50,289 [main] INFO  marytts.PStream Gradient GV optimization for feature: (18)  number of iterations=2
2022-08-06 17:03:50,289 [main] INFO  marytts.PStream Gradient GV optimization for feature: (19)  number of iterations=4
2022-08-06 17:03:50,290 [main] INFO  marytts.PStream Gradient GV optimization for feature: (20)  number of iterations=8
2022-08-06 17:03:50,290 [main] INFO  marytts.PStream Gradient GV optimization for feature: (21)  number of iterations=2
2022-08-06 17:03:50,291 [main] INFO  marytts.PStream Gradient GV optimization for feature: (22)  number of iterations=2
2022-08-06 17:03:50,291 [main] INFO  marytts.PStream Gradient GV optimization for feature: (23)  number of iterations=9
2022-08-06 17:03:50,292 [main] INFO  marytts.PStream Gradient GV optimization for feature: (24)  number of iterations=8
2022-08-06 17:03:50,292 [main] INFO  marytts.ParameterGeneration Using f0 from maryXML acoustparams
2022-08-06 17:03:50,292 [main] INFO  marytts.PStream Global variance optimization
2022-08-06 17:03:50,293 [main] INFO  marytts.PStream Gradient GV optimization for feature: (0)  number of iterations=14
2022-08-06 17:03:50,294 [main] INFO  marytts.PStream Gradient GV optimization for feature: (1)  number of iterations=2
2022-08-06 17:03:50,296 [main] INFO  marytts.PStream    optimization stopped by reaching max number of iterations (no global variance applied)
2022-08-06 17:03:50,296 [main] INFO  marytts.PStream Gradient GV optimization for feature: (2)  number of iterations=101
2022-08-06 17:03:50,298 [main] INFO  marytts.PStream Gradient GV optimization for feature: (3)  number of iterations=54
2022-08-06 17:03:50,298 [main] INFO  marytts.PStream Gradient GV optimization for feature: (4)  number of iterations=15
2022-08-06 17:03:50,302 [main] INFO  marytts.R 1 Request processed in 115 ms.
2022-08-06 17:03:50,302 [main] INFO  marytts.R 1    TextToMaryXML took 0 ms
2022-08-06 17:03:50,302 [main] INFO  marytts.R 1    JTokeniser took 2 ms
2022-08-06 17:03:50,302 [main] INFO  marytts.R 1    Preprocess took 26 ms
2022-08-06 17:03:50,302 [main] INFO  marytts.R 1    OpenNLPPosTagger took 2 ms
2022-08-06 17:03:50,302 [main] INFO  marytts.R 1    JPhonemiser took 1 ms
2022-08-06 17:03:50,302 [main] INFO  marytts.R 1    Prosody took 1 ms
2022-08-06 17:03:50,302 [main] INFO  marytts.R 1    PronunciationModel took 0 ms
2022-08-06 17:03:50,302 [main] INFO  marytts.R 1    AcousticModeller took 12 ms
2022-08-06 17:03:50,302 [main] INFO  marytts.R 1    Synthesis took 70 ms
2022-08-06 17:04:59,828 [Thread-7] INFO  marytts.main Shutting down modules...
2022-08-06 17:04:59,828 [Thread-7] INFO  marytts.Synthesis Module shut down.
2022-08-06 17:04:59,828 [Thread-7] INFO  marytts.TextToMaryXML Module shut down.
2022-08-06 17:04:59,828 [Thread-7] INFO  marytts.SableParser Module shut down.
2022-08-06 17:04:59,828 [Thread-7] INFO  marytts.SSMLParser Module shut down.
2022-08-06 17:04:59,828 [Thread-7] INFO  marytts.APMLParser Module shut down.
2022-08-06 17:04:59,828 [Thread-7] INFO  marytts.EmotionmlParser Module shut down.
2022-08-06 17:04:59,828 [Thread-7] INFO  marytts.JTokeniser Module shut down.
2022-08-06 17:04:59,828 [Thread-7] INFO  marytts.DummyTokens2Words Module shut down.
2022-08-06 17:04:59,828 [Thread-7] INFO  marytts.Prosody Module shut down.
2022-08-06 17:04:59,828 [Thread-7] INFO  marytts.PronunciationModel Module shut down.
2022-08-06 17:04:59,828 [Thread-7] INFO  marytts.TargetFeatureLister Module shut down.
2022-08-06 17:04:59,828 [Thread-7] INFO  marytts.TargetFeatureLister Module shut down.
2022-08-06 17:04:59,828 [Thread-7] INFO  marytts.AcousticModeller Module shut down.
2022-08-06 17:04:59,828 [Thread-7] INFO  marytts.Realised acoustparams extractor Module shut down.
2022-08-06 17:04:59,828 [Thread-7] INFO  marytts.Realised durations extractor Module shut down.
2022-08-06 17:04:59,828 [Thread-7] INFO  marytts.HTSEngine Module shut down.
2022-08-06 17:04:59,828 [Thread-7] INFO  marytts.Praat TextGrid generator Module shut down.
2022-08-06 17:04:59,828 [Thread-7] INFO  marytts.JTokeniser Module shut down.
2022-08-06 17:04:59,828 [Thread-7] INFO  marytts.Preprocess Module shut down.
2022-08-06 17:04:59,828 [Thread-7] INFO  marytts.JPhonemiser Module shut down.
2022-08-06 17:04:59,828 [Thread-7] INFO  marytts.JPhonemiser Module shut down.
2022-08-06 17:04:59,828 [Thread-7] INFO  marytts.Prosody Module shut down.
2022-08-06 17:04:59,828 [Thread-7] INFO  marytts.SimplePhoneme2AP Module shut down.
2022-08-06 17:04:59,828 [Thread-7] INFO  marytts.PronunciationModel Module shut down.
2022-08-06 17:04:59,828 [Thread-7] INFO  marytts.OpenNLPPosTagger Module shut down.
2022-08-06 17:04:59,829 [Thread-7] INFO  marytts.main Shutdown complete.
2022-08-06 21:36:18,880 [main] INFO  marytts.main Mary starting up...
2022-08-06 21:36:18,882 [main] INFO  marytts.main Specification version 5.2
2022-08-06 21:36:18,882 [main] INFO  marytts.main Implementation version unknown
2022-08-06 21:36:18,883 [main] INFO  marytts.main Running on a Java 18.0.2-ea implementation by Private Build, on a Linux platform (amd64, 5.15.0-43-generic)
2022-08-06 21:36:18,937 [main] INFO  marytts.ModuleRegistry Now initiating mary module 'marytts.modules.Synthesis'
2022-08-06 21:36:18,939 [main] INFO  marytts.ModuleRegistry Now initiating mary module 'marytts.modules.TextToMaryXML'
2022-08-06 21:36:18,939 [main] INFO  marytts.ModuleRegistry Now initiating mary module 'marytts.modules.SableParser'
2022-08-06 21:36:18,940 [main] INFO  marytts.ModuleRegistry Now initiating mary module 'marytts.modules.SSMLParser'
2022-08-06 21:36:18,940 [main] INFO  marytts.ModuleRegistry Now initiating mary module 'marytts.modules.APMLParser'
2022-08-06 21:36:18,941 [main] INFO  marytts.ModuleRegistry Now initiating mary module 'marytts.modules.EmotionmlParser'
2022-08-06 21:36:18,941 [main] INFO  marytts.ModuleRegistry Now initiating mary module 'marytts.modules.JTokeniser'
2022-08-06 21:36:18,942 [main] INFO  marytts.ModuleRegistry Now initiating mary module 'marytts.modules.DummyTokens2Words'
2022-08-06 21:36:18,942 [main] INFO  marytts.ModuleRegistry Now initiating mary module 'marytts.modules.ProsodyGeneric'
2022-08-06 21:36:18,944 [main] INFO  marytts.ModuleRegistry Now initiating mary module 'marytts.modules.PronunciationModel'
2022-08-06 21:36:18,944 [main] INFO  marytts.ModuleRegistry Now initiating mary module 'marytts.modules.TargetFeatureLister'
2022-08-06 21:36:18,945 [main] INFO  marytts.ModuleRegistry Now initiating mary module 'marytts.modules.HalfPhoneTargetFeatureLister'
2022-08-06 21:36:18,945 [main] INFO  marytts.ModuleRegistry Now initiating mary module 'marytts.modules.AcousticModeller'
2022-08-06 21:36:18,946 [main] INFO  marytts.ModuleRegistry Now initiating mary module 'marytts.modules.RealisedAcoustparamsExtractor'
2022-08-06 21:36:18,946 [main] INFO  marytts.ModuleRegistry Now initiating mary module 'marytts.modules.RealisedDurationsExtractor'
2022-08-06 21:36:18,946 [main] INFO  marytts.ModuleRegistry Now initiating mary module 'marytts.modules.HTSEngine'
2022-08-06 21:36:18,947 [main] INFO  marytts.ModuleRegistry Now initiating mary module 'marytts.modules.PraatTextGridGenerator'
2022-08-06 21:36:18,948 [main] INFO  marytts.ModuleRegistry Now initiating mary module 'marytts.language.en.JTokeniser'
2022-08-06 21:36:18,948 [main] INFO  marytts.ModuleRegistry Now initiating mary module 'marytts.language.en.Preprocess'
2022-08-06 21:36:19,042 [main] INFO  marytts.ModuleRegistry Now initiating mary module 'marytts.modules.JPhonemiser(en_US.)'
2022-08-06 21:36:19,043 [main] INFO  marytts.JPhonemiser User dictionary './user-dictionaries/userdict-en_US.txt' for locale 'en_US' does not exist. Ignoring.
2022-08-06 21:36:19,079 [main] INFO  marytts.ModuleRegistry Now initiating mary module 'marytts.modules.JPhonemiser(en_GB.)'
2022-08-06 21:36:19,079 [main] INFO  marytts.JPhonemiser User dictionary './user-dictionaries/userdict-en_GB.txt' for locale 'en_GB' does not exist. Ignoring.
2022-08-06 21:36:19,103 [main] INFO  marytts.ModuleRegistry Now initiating mary module 'marytts.language.en.Prosody'
2022-08-06 21:36:19,104 [main] INFO  marytts.ModuleRegistry Now initiating mary module 'marytts.modules.SimplePhoneme2AP(en_US)'
2022-08-06 21:36:19,104 [main] INFO  marytts.ModuleRegistry Now initiating mary module 'marytts.language.en.PronunciationModel'
2022-08-06 21:36:19,104 [main] INFO  marytts.ModuleRegistry Now initiating mary module 'marytts.modules.OpenNLPPosTagger(en,en.pos)'
2022-08-06 21:36:19,107 [main] INFO  marytts.UnitSelectionSynthesizer started.
2022-08-06 21:36:19,108 [main] INFO  marytts.TargetFeatureLister Module started (ACOUSTPARAMS->TARGETFEATURES, locale null).
2022-08-06 21:36:19,108 [main] INFO  marytts.HTSEngine Module started (TARGETFEATURES->AUDIO, locale null).
2022-08-06 21:36:19,120 [main] INFO  marytts.HMMData Loading Tree Set in CARTs:
2022-08-06 21:36:19,155 [main] INFO  marytts.HMMData Loading GV Model Set:
2022-08-06 21:36:19,247 [main] INFO  marytts.Voice Registering voice `cmu-rms-hsmm': male, locale en_US
2022-08-06 21:36:19,247 [main] INFO  marytts.Voice New default voice for locale en_US: cmu-rms-hsmm (desire 0)
2022-08-06 21:36:19,249 [main] INFO  marytts.HMMData Loading Tree Set in CARTs:
2022-08-06 21:36:19,272 [main] INFO  marytts.HMMData Loading GV Model Set:
2022-08-06 21:36:19,336 [main] INFO  marytts.Voice Registering voice `cmu-slt-hsmm': female, locale en_US
2022-08-06 21:36:19,338 [main] INFO  marytts.HMMData Loading Tree Set in CARTs:
2022-08-06 21:36:19,358 [main] INFO  marytts.HMMData Loading GV Model Set:
2022-08-06 21:36:19,420 [main] INFO  marytts.Voice Registering voice `dfki-poppy-hsmm': female, locale en_GB
2022-08-06 21:36:19,420 [main] INFO  marytts.Voice New default voice for locale en_GB: dfki-poppy-hsmm (desire 0)
2022-08-06 21:36:19,420 [main] INFO  marytts.HMMSynthesizer started.
2022-08-06 21:36:19,420 [main] INFO  marytts.Synthesis Module started (ACOUSTPARAMS->AUDIO, locale null).
2022-08-06 21:36:19,420 [main] INFO  marytts.HMMSynthesizer Starting power-on self test.
2022-08-06 21:36:19,421 [main] INFO  marytts.HMMSynthesizer Power-on self test complete.
2022-08-06 21:36:19,422 [main] INFO  marytts.TextToMaryXML Module started (TEXT->RAWMARYXML, locale null).
2022-08-06 21:36:19,422 [main] INFO  marytts.TextToMaryXML Starting power-on self test.
2022-08-06 21:36:19,423 [main] WARN  marytts.TextToMaryXML Locale is null, overriding with de_DE
2022-08-06 21:36:19,423 [main] WARN  marytts.TextToMaryXML Locale is null, overriding with de_DE
2022-08-06 21:36:19,423 [main] INFO  marytts.TextToMaryXML Power-on self test complete.
2022-08-06 21:36:19,589 [main] INFO  marytts.SableParser Module started (SABLE->RAWMARYXML, locale null).
2022-08-06 21:36:19,589 [main] INFO  marytts.SableParser Starting power-on self test.
2022-08-06 21:36:19,589 [main] INFO  marytts.SableParser Power-on self test complete.
2022-08-06 21:36:19,644 [main] INFO  marytts.SSMLParser Module started (SSML->RAWMARYXML, locale null).
2022-08-06 21:36:19,644 [main] INFO  marytts.SSMLParser Starting power-on self test.
2022-08-06 21:36:19,644 [main] INFO  marytts.SSMLParser Power-on self test complete.
2022-08-06 21:36:19,683 [main] INFO  marytts.APMLParser Module started (APML->RAWMARYXML, locale null).
2022-08-06 21:36:19,683 [main] INFO  marytts.APMLParser Starting power-on self test.
2022-08-06 21:36:19,683 [main] INFO  marytts.APMLParser Power-on self test complete.
2022-08-06 21:36:19,708 [main] INFO  marytts.EmotionmlParser Module started (EMOTIONML->RAWMARYXML, locale null).
2022-08-06 21:36:19,708 [main] INFO  marytts.EmotionmlParser Starting power-on self test.
2022-08-06 21:36:19,708 [main] INFO  marytts.EmotionmlParser Power-on self test complete.
2022-08-06 21:36:19,708 [main] INFO  marytts.JTokeniser Module started (RAWMARYXML->TOKENS, locale null).
2022-08-06 21:36:19,732 [main] INFO  marytts.JTokeniser Starting power-on self test.
2022-08-06 21:36:19,732 [main] INFO  marytts.JTokeniser Power-on self test complete.
2022-08-06 21:36:19,732 [main] INFO  marytts.DummyTokens2Words Module started (TOKENS->WORDS, locale null).
2022-08-06 21:36:19,732 [main] INFO  marytts.DummyTokens2Words Starting power-on self test.
2022-08-06 21:36:19,733 [main] INFO  marytts.DummyTokens2Words Power-on self test complete.
2022-08-06 21:36:19,738 [main] INFO  marytts.Prosody Module started (PHONEMES->INTONATION, locale null).
2022-08-06 21:36:19,738 [main] INFO  marytts.Prosody Starting power-on self test.
2022-08-06 21:36:19,739 [main] INFO  marytts.Prosody Power-on self test complete.
2022-08-06 21:36:19,739 [main] INFO  marytts.PronunciationModel Module started (INTONATION->ALLOPHONES, locale null).
2022-08-06 21:36:19,739 [main] INFO  marytts.PronunciationModel Starting power-on self test.
2022-08-06 21:36:19,739 [main] INFO  marytts.PronunciationModel Power-on self test complete.
2022-08-06 21:36:19,739 [main] INFO  marytts.TargetFeatureLister Starting power-on self test.
2022-08-06 21:36:19,739 [main] INFO  marytts.TargetFeatureLister Power-on self test complete.
2022-08-06 21:36:19,739 [main] INFO  marytts.TargetFeatureLister Module started (ACOUSTPARAMS->HALFPHONE_TARGETFEATURES, locale null).
2022-08-06 21:36:19,739 [main] INFO  marytts.TargetFeatureLister Starting power-on self test.
2022-08-06 21:36:19,739 [main] INFO  marytts.TargetFeatureLister Power-on self test complete.
2022-08-06 21:36:19,739 [main] INFO  marytts.AcousticModeller Module started (ALLOPHONES->ACOUSTPARAMS, locale null).
2022-08-06 21:36:19,739 [main] INFO  marytts.AcousticModeller Starting power-on self test.
2022-08-06 21:36:19,739 [main] INFO  marytts.AcousticModeller Power-on self test complete.
2022-08-06 21:36:19,739 [main] INFO  marytts.Realised acoustparams extractor Module started (AUDIO->REALISED_ACOUSTPARAMS, locale null).
2022-08-06 21:36:19,739 [main] INFO  marytts.Realised acoustparams extractor Starting power-on self test.
2022-08-06 21:36:19,739 [main] INFO  marytts.Realised acoustparams extractor Power-on self test complete.
2022-08-06 21:36:19,739 [main] INFO  marytts.Realised durations extractor Module started (AUDIO->REALISED_DURATIONS, locale null).
2022-08-06 21:36:19,739 [main] INFO  marytts.Realised durations extractor Starting power-on self test.
2022-08-06 21:36:19,739 [main] INFO  marytts.Realised durations extractor Power-on self test complete.
2022-08-06 21:36:19,739 [main] INFO  marytts.Praat TextGrid generator Module started (REALISED_ACOUSTPARAMS->PRAAT_TEXTGRID, locale null).
2022-08-06 21:36:19,739 [main] INFO  marytts.Praat TextGrid generator Starting power-on self test.
2022-08-06 21:36:19,739 [main] INFO  marytts.Praat TextGrid generator Power-on self test complete.
2022-08-06 21:36:19,740 [main] INFO  marytts.JTokeniser Module started (RAWMARYXML->TOKENS, locale en).
2022-08-06 21:36:19,750 [main] INFO  marytts.JTokeniser Starting power-on self test.
2022-08-06 21:36:19,750 [main] INFO  marytts.JTokeniser Power-on self test complete.
2022-08-06 21:36:19,750 [main] INFO  marytts.Preprocess Module started (TOKENS->WORDS, locale en).
2022-08-06 21:36:19,750 [main] INFO  marytts.Preprocess Starting power-on self test.
2022-08-06 21:36:19,750 [main] INFO  marytts.Preprocess Power-on self test complete.
2022-08-06 21:36:19,750 [main] INFO  marytts.JPhonemiser Module started (PARTSOFSPEECH->PHONEMES, locale en_US).
2022-08-06 21:36:19,751 [main] INFO  marytts.JPhonemiser Starting power-on self test.
2022-08-06 21:36:19,751 [main] INFO  marytts.JPhonemiser Power-on self test complete.
2022-08-06 21:36:19,751 [main] INFO  marytts.JPhonemiser Module started (PARTSOFSPEECH->PHONEMES, locale en_GB).
2022-08-06 21:36:19,751 [main] INFO  marytts.JPhonemiser Starting power-on self test.
2022-08-06 21:36:19,751 [main] INFO  marytts.JPhonemiser Power-on self test complete.
2022-08-06 21:36:19,754 [main] INFO  marytts.Prosody Module started (PHONEMES->INTONATION, locale en).
2022-08-06 21:36:19,754 [main] INFO  marytts.Prosody Starting power-on self test.
2022-08-06 21:36:19,754 [main] INFO  marytts.Prosody Power-on self test complete.
2022-08-06 21:36:19,755 [main] INFO  marytts.SimplePhoneme2AP Module started (SIMPLEPHONEMES->ACOUSTPARAMS, locale en_US).
2022-08-06 21:36:19,755 [main] INFO  marytts.SimplePhoneme2AP Starting power-on self test.
2022-08-06 21:36:19,756 [main] INFO  marytts.SimplePhoneme2AP Power-on self test complete.
2022-08-06 21:36:19,756 [main] INFO  marytts.PronunciationModel Module started (INTONATION->ALLOPHONES, locale en).
2022-08-06 21:36:19,756 [main] INFO  marytts.PronunciationModel Starting power-on self test.
2022-08-06 21:36:19,756 [main] INFO  marytts.PronunciationModel Power-on self test complete.
2022-08-06 21:36:19,757 [main] INFO  marytts.OpenNLPPosTagger Module started (WORDS->PARTSOFSPEECH, locale en).
2022-08-06 21:36:20,157 [main] INFO  marytts.OpenNLPPosTagger Starting power-on self test.
2022-08-06 21:36:20,157 [main] INFO  marytts.OpenNLPPosTagger Power-on self test complete.
2022-08-06 21:36:20,157 [main] INFO  marytts.main Startup complete.
2022-08-06 21:36:20,160 [main] INFO  marytts.R 1 New request (input type "TEXT", output type "AUDIO", voice "cmu-rms-hsmm", audio "WAVE")
2022-08-06 21:36:20,160 [main] INFO  marytts.R 1 Handling request using the following modules:
2022-08-06 21:36:20,160 [main] INFO  marytts.R 1 - TextToMaryXML (marytts.modules.TextToMaryXML)
2022-08-06 21:36:20,160 [main] INFO  marytts.R 1 Next module: TextToMaryXML
2022-08-06 21:36:20,161 [main] INFO  marytts.R 1 Handling request using the following modules:
2022-08-06 21:36:20,161 [main] INFO  marytts.R 1 - JTokeniser (marytts.language.en.JTokeniser)
2022-08-06 21:36:20,161 [main] INFO  marytts.R 1 - Preprocess (marytts.language.en.Preprocess)
2022-08-06 21:36:20,161 [main] INFO  marytts.R 1 - OpenNLPPosTagger (marytts.modules.OpenNLPPosTagger)
2022-08-06 21:36:20,161 [main] INFO  marytts.R 1 - JPhonemiser (marytts.modules.JPhonemiser)
2022-08-06 21:36:20,161 [main] INFO  marytts.R 1 - Prosody (marytts.language.en.Prosody)
2022-08-06 21:36:20,161 [main] INFO  marytts.R 1 - PronunciationModel (marytts.language.en.PronunciationModel)
2022-08-06 21:36:20,161 [main] INFO  marytts.R 1 - AcousticModeller (marytts.modules.AcousticModeller)
2022-08-06 21:36:20,161 [main] INFO  marytts.R 1 - Synthesis (marytts.modules.Synthesis)
2022-08-06 21:36:20,161 [main] INFO  marytts.R 1 Next module: JTokeniser
2022-08-06 21:36:20,162 [main] INFO  marytts.R 1 Next module: Preprocess
2022-08-06 21:36:20,174 [main] INFO  marytts.R 1 Next module: OpenNLPPosTagger
2022-08-06 21:36:20,175 [main] INFO  marytts.R 1 Next module: JPhonemiser
2022-08-06 21:36:20,176 [main] INFO  marytts.R 1 Next module: Prosody
2022-08-06 21:36:20,177 [main] INFO  marytts.R 1 Next module: PronunciationModel
2022-08-06 21:36:20,177 [main] INFO  marytts.R 1 Next module: AcousticModeller
2022-08-06 21:36:20,184 [main] INFO  marytts.ParameterGeneration Parameter generation for LF0: 
2022-08-06 21:36:20,184 [main] INFO  marytts.PStream Global variance optimization
2022-08-06 21:36:20,185 [main] INFO  marytts.PStream Gradient GV optimization for feature: (0)  number of iterations=6
2022-08-06 21:36:20,186 [main] INFO  marytts.R 1 Next module: Synthesis
2022-08-06 21:36:20,197 [main] INFO  marytts.HMMSynthesizer Synthesizing one sentence.
2022-08-06 21:36:20,197 [main] INFO  marytts.HTSEngine Using prosody from acoustparams.
2022-08-06 21:36:20,198 [main] INFO  marytts.HTSEngine Number of models in sentence numModel=5  Total number of states numState=25
2022-08-06 21:36:20,198 [main] INFO  marytts.HTSEngine Total number of frames=188  Number of voiced frames=19
2022-08-06 21:36:20,201 [main] INFO  marytts.ParameterGeneration Parameter generation for MGC: 
2022-08-06 21:36:20,201 [main] INFO  marytts.PStream Global variance optimization
2022-08-06 21:36:20,211 [main] INFO  marytts.PStream Gradient GV optimization for feature: (0)  number of iterations=61
2022-08-06 21:36:20,212 [main] INFO  marytts.PStream Gradient GV optimization for feature: (1)  number of iterations=1
2022-08-06 21:36:20,216 [main] INFO  marytts.PStream Gradient GV optimization for feature: (2)  number of iterations=41
2022-08-06 21:36:20,218 [main] INFO  marytts.PStream Gradient GV optimization for feature: (3)  number of iterations=26
2022-08-06 21:36:20,219 [main] INFO  marytts.PStream Gradient GV optimization for feature: (4)  number of iterations=20
2022-08-06 21:36:20,221 [main] INFO  marytts.PStream Gradient GV optimization for feature: (5)  number of iterations=75
2022-08-06 21:36:20,222 [main] INFO  marytts.PStream Gradient GV optimization for feature: (6)  number of iterations=23
2022-08-06 21:36:20,223 [main] INFO  marytts.PStream Gradient GV optimization for feature: (7)  number of iterations=4
2022-08-06 21:36:20,223 [main] INFO  marytts.PStream Gradient GV optimization for feature: (8)  number of iterations=12
2022-08-06 21:36:20,225 [main] INFO  marytts.PStream Gradient GV optimization for feature: (9)  number of iterations=46
2022-08-06 21:36:20,226 [main] INFO  marytts.PStream Gradient GV optimization for feature: (10)  number of iterations=57
2022-08-06 21:36:20,227 [main] INFO  marytts.PStream Gradient GV optimization for feature: (11)  number of iterations=21
2022-08-06 21:36:20,227 [main] INFO  marytts.PStream Gradient GV optimization for feature: (12)  number of iterations=3
2022-08-06 21:36:20,228 [main] INFO  marytts.PStream Gradient GV optimization for feature: (13)  number of iterations=28
2022-08-06 21:36:20,228 [main] INFO  marytts.PStream Gradient GV optimization for feature: (14)  number of iterations=4
2022-08-06 21:36:20,229 [main] INFO  marytts.PStream Gradient GV optimization for feature: (15)  number of iterations=10
2022-08-06 21:36:20,229 [main] INFO  marytts.PStream Gradient GV optimization for feature: (16)  number of iterations=4
2022-08-06 21:36:20,230 [main] INFO  marytts.PStream Gradient GV optimization for feature: (17)  number of iterations=9
2022-08-06 21:36:20,230 [main] INFO  marytts.PStream Gradient GV optimization for feature: (18)  number of iterations=2
2022-08-06 21:36:20,230 [main] INFO  marytts.PStream Gradient GV optimization for feature: (19)  number of iterations=4
2022-08-06 21:36:20,230 [main] INFO  marytts.PStream Gradient GV optimization for feature: (20)  number of iterations=8
2022-08-06 21:36:20,231 [main] INFO  marytts.PStream Gradient GV optimization for feature: (21)  number of iterations=2
2022-08-06 21:36:20,231 [main] INFO  marytts.PStream Gradient GV optimization for feature: (22)  number of iterations=2
2022-08-06 21:36:20,231 [main] INFO  marytts.PStream Gradient GV optimization for feature: (23)  number of iterations=9
2022-08-06 21:36:20,232 [main] INFO  marytts.PStream Gradient GV optimization for feature: (24)  number of iterations=8
2022-08-06 21:36:20,232 [main] INFO  marytts.ParameterGeneration Using f0 from maryXML acoustparams
2022-08-06 21:36:20,232 [main] INFO  marytts.PStream Global variance optimization
2022-08-06 21:36:20,233 [main] INFO  marytts.PStream Gradient GV optimization for feature: (0)  number of iterations=14
2022-08-06 21:36:20,234 [main] INFO  marytts.PStream Gradient GV optimization for feature: (1)  number of iterations=2
2022-08-06 21:36:20,235 [main] INFO  marytts.PStream    optimization stopped by reaching max number of iterations (no global variance applied)
2022-08-06 21:36:20,235 [main] INFO  marytts.PStream Gradient GV optimization for feature: (2)  number of iterations=101
2022-08-06 21:36:20,236 [main] INFO  marytts.PStream Gradient GV optimization for feature: (3)  number of iterations=54
2022-08-06 21:36:20,236 [main] INFO  marytts.PStream Gradient GV optimization for feature: (4)  number of iterations=15
2022-08-06 21:36:20,239 [main] INFO  marytts.R 1 Request processed in 79 ms.
2022-08-06 21:36:20,239 [main] INFO  marytts.R 1    TextToMaryXML took 0 ms
2022-08-06 21:36:20,239 [main] INFO  marytts.R 1    JTokeniser took 1 ms
2022-08-06 21:36:20,239 [main] INFO  marytts.R 1    Preprocess took 12 ms
2022-08-06 21:36:20,239 [main] INFO  marytts.R 1    OpenNLPPosTagger took 1 ms
2022-08-06 21:36:20,239 [main] INFO  marytts.R 1    JPhonemiser took 1 ms
2022-08-06 21:36:20,239 [main] INFO  marytts.R 1    Prosody took 1 ms
2022-08-06 21:36:20,239 [main] INFO  marytts.R 1    PronunciationModel took 0 ms
2022-08-06 21:36:20,239 [main] INFO  marytts.R 1    AcousticModeller took 9 ms
2022-08-06 21:36:20,239 [main] INFO  marytts.R 1    Synthesis took 53 ms
2022-08-06 21:36:24,365 [Thread-7] INFO  marytts.main Shutting down modules...
2022-08-06 21:36:24,365 [Thread-7] INFO  marytts.Synthesis Module shut down.
2022-08-06 21:36:24,365 [Thread-7] INFO  marytts.TextToMaryXML Module shut down.
2022-08-06 21:36:24,365 [Thread-7] INFO  marytts.SableParser Module shut down.
2022-08-06 21:36:24,365 [Thread-7] INFO  marytts.SSMLParser Module shut down.
2022-08-06 21:36:24,365 [Thread-7] INFO  marytts.APMLParser Module shut down.
2022-08-06 21:36:24,365 [Thread-7] INFO  marytts.EmotionmlParser Module shut down.
2022-08-06 21:36:24,365 [Thread-7] INFO  marytts.JTokeniser Module shut down.
2022-08-06 21:36:24,365 [Thread-7] INFO  marytts.DummyTokens2Words Module shut down.
2022-08-06 21:36:24,365 [Thread-7] INFO  marytts.Prosody Module shut down.
2022-08-06 21:36:24,365 [Thread-7] INFO  marytts.PronunciationModel Module shut down.
2022-08-06 21:36:24,365 [Thread-7] INFO  marytts.TargetFeatureLister Module shut down.
2022-08-06 21:36:24,365 [Thread-7] INFO  marytts.TargetFeatureLister Module shut down.
2022-08-06 21:36:24,365 [Thread-7] INFO  marytts.AcousticModeller Module shut down.
2022-08-06 21:36:24,365 [Thread-7] INFO  marytts.Realised acoustparams extractor Module shut down.
2022-08-06 21:36:24,365 [Thread-7] INFO  marytts.Realised durations extractor Module shut down.
2022-08-06 21:36:24,365 [Thread-7] INFO  marytts.HTSEngine Module shut down.
2022-08-06 21:36:24,365 [Thread-7] INFO  marytts.Praat TextGrid generator Module shut down.
2022-08-06 21:36:24,365 [Thread-7] INFO  marytts.JTokeniser Module shut down.
2022-08-06 21:36:24,365 [Thread-7] INFO  marytts.Preprocess Module shut down.
2022-08-06 21:36:24,365 [Thread-7] INFO  marytts.JPhonemiser Module shut down.
2022-08-06 21:36:24,365 [Thread-7] INFO  marytts.JPhonemiser Module shut down.
2022-08-06 21:36:24,365 [Thread-7] INFO  marytts.Prosody Module shut down.
2022-08-06 21:36:24,365 [Thread-7] INFO  marytts.SimplePhoneme2AP Module shut down.
2022-08-06 21:36:24,366 [Thread-7] INFO  marytts.PronunciationModel Module shut down.
2022-08-06 21:36:24,366 [Thread-7] INFO  marytts.OpenNLPPosTagger Module shut down.
2022-08-06 21:36:24,366 [Thread-7] INFO  marytts.main Shutdown complete.
2022-08-13 21:55:18,855 [main] INFO  marytts.main Mary starting up...
2022-08-13 21:55:18,879 [main] INFO  marytts.main Specification version 5.2
2022-08-13 21:55:18,879 [main] INFO  marytts.main Implementation version unknown
2022-08-13 21:55:18,879 [main] INFO  marytts.main Running on a Java 18.0.2-ea implementation by Private Build, on a Linux platform (amd64, 5.15.0-46-generic)
2022-08-13 21:55:18,943 [main] INFO  marytts.ModuleRegistry Now initiating mary module 'marytts.modules.Synthesis'
2022-08-13 21:55:18,946 [main] INFO  marytts.ModuleRegistry Now initiating mary module 'marytts.modules.TextToMaryXML'
2022-08-13 21:55:18,947 [main] INFO  marytts.ModuleRegistry Now initiating mary module 'marytts.modules.SableParser'
2022-08-13 21:55:18,947 [main] INFO  marytts.ModuleRegistry Now initiating mary module 'marytts.modules.SSMLParser'
2022-08-13 21:55:18,947 [main] INFO  marytts.ModuleRegistry Now initiating mary module 'marytts.modules.APMLParser'
2022-08-13 21:55:18,948 [main] INFO  marytts.ModuleRegistry Now initiating mary module 'marytts.modules.EmotionmlParser'
2022-08-13 21:55:18,948 [main] INFO  marytts.ModuleRegistry Now initiating mary module 'marytts.modules.JTokeniser'
2022-08-13 21:55:18,949 [main] INFO  marytts.ModuleRegistry Now initiating mary module 'marytts.modules.DummyTokens2Words'
2022-08-13 21:55:18,949 [main] INFO  marytts.ModuleRegistry Now initiating mary module 'marytts.modules.ProsodyGeneric'
2022-08-13 21:55:18,951 [main] INFO  marytts.ModuleRegistry Now initiating mary module 'marytts.modules.PronunciationModel'
2022-08-13 21:55:18,952 [main] INFO  marytts.ModuleRegistry Now initiating mary module 'marytts.modules.TargetFeatureLister'
2022-08-13 21:55:18,953 [main] INFO  marytts.ModuleRegistry Now initiating mary module 'marytts.modules.HalfPhoneTargetFeatureLister'
2022-08-13 21:55:18,953 [main] INFO  marytts.ModuleRegistry Now initiating mary module 'marytts.modules.AcousticModeller'
2022-08-13 21:55:18,954 [main] INFO  marytts.ModuleRegistry Now initiating mary module 'marytts.modules.RealisedAcoustparamsExtractor'
2022-08-13 21:55:18,955 [main] INFO  marytts.ModuleRegistry Now initiating mary module 'marytts.modules.RealisedDurationsExtractor'
2022-08-13 21:55:18,955 [main] INFO  marytts.ModuleRegistry Now initiating mary module 'marytts.modules.HTSEngine'
2022-08-13 21:55:18,956 [main] INFO  marytts.ModuleRegistry Now initiating mary module 'marytts.modules.PraatTextGridGenerator'
2022-08-13 21:55:18,957 [main] INFO  marytts.ModuleRegistry Now initiating mary module 'marytts.language.en.JTokeniser'
2022-08-13 21:55:18,957 [main] INFO  marytts.ModuleRegistry Now initiating mary module 'marytts.language.en.Preprocess'
